<?xml version="1.0" encoding="UTF-8"?>
<!-- Generated by org.testng.reporters.JUnitReportReporter -->
<testsuite skipped="0" hostname="CDC2-L-JDW2GW2" name="runner.TestBikeWale" tests="1" failures="0" timestamp="2020-09-15T13:30:56 IST" time="4.401" errors="1">
  <testcase name="runScenario" time="4.401" classname="runner.TestBikeWale">
    <error type="org.openqa.selenium.SessionNotCreatedException" message="session not created: This version of ChromeDriver only supports Chrome version 83
Build info: version: &#039;3.141.59&#039;, revision: &#039;e82be7d358&#039;, time: &#039;2018-11-14T08:17:03&#039;
System info: host: &#039;CDC2-L-JDW2GW2&#039;, ip: &#039;192.168.1.5&#039;, os.name: &#039;Windows 10&#039;, os.arch: &#039;amd64&#039;, os.version: &#039;10.0&#039;, java.version: &#039;1.8.0_171&#039;
Driver info: driver.version: ChromeDriver
remote stacktrace: Backtrace:
	Ordinal0 [0x00AD9563+2725219]
	Ordinal0 [0x009D8551+1672529]
	Ordinal0 [0x008C0359+525145]
	Ordinal0 [0x00850B77+68471]
	Ordinal0 [0x0084D32C+54060]
	Ordinal0 [0x0086CC37+183351]
	Ordinal0 [0x0086CA3D+182845]
	Ordinal0 [0x0086A94B+174411]
	Ordinal0 [0x00852528+75048]
	Ordinal0 [0x008535A0+79264]
	Ordinal0 [0x00853539+79161]
	Ordinal0 [0x009ED607+1758727]
	GetHandleVerifier [0x00BF6546+1050150]
	GetHandleVerifier [0x00BF6291+1049457]
	GetHandleVerifier [0x00C010D7+1094071]
	GetHandleVerifier [0x00BF6B46+1051686]
	Ordinal0 [0x009E5B06+1727238]
	Ordinal0 [0x009EEB7B+1764219]
	Ordinal0 [0x009EECE3+1764579]
	Ordinal0 [0x00A04C05+1854469]
	BaseThreadInitThunk [0x76C46359+25]
	RtlGetAppContainerNamedObjectPath [0x77497C24+228]
	RtlGetAppContainerNamedObjectPath [0x77497BF4+180]
">
      <![CDATA[org.openqa.selenium.SessionNotCreatedException: session not created: This version of ChromeDriver only supports Chrome version 83
Build info: version: '3.141.59', revision: 'e82be7d358', time: '2018-11-14T08:17:03'
System info: host: 'CDC2-L-JDW2GW2', ip: '192.168.1.5', os.name: 'Windows 10', os.arch: 'amd64', os.version: '10.0', java.version: '1.8.0_171'
Driver info: driver.version: ChromeDriver
remote stacktrace: Backtrace:
Ordinal0 [0x00AD9563+2725219]
Ordinal0 [0x009D8551+1672529]
Ordinal0 [0x008C0359+525145]
Ordinal0 [0x00850B77+68471]
Ordinal0 [0x0084D32C+54060]
Ordinal0 [0x0086CC37+183351]
Ordinal0 [0x0086CA3D+182845]
Ordinal0 [0x0086A94B+174411]
Ordinal0 [0x00852528+75048]
Ordinal0 [0x008535A0+79264]
Ordinal0 [0x00853539+79161]
Ordinal0 [0x009ED607+1758727]
GetHandleVerifier [0x00BF6546+1050150]
GetHandleVerifier [0x00BF6291+1049457]
GetHandleVerifier [0x00C010D7+1094071]
GetHandleVerifier [0x00BF6B46+1051686]
Ordinal0 [0x009E5B06+1727238]
Ordinal0 [0x009EEB7B+1764219]
Ordinal0 [0x009EECE3+1764579]
Ordinal0 [0x00A04C05+1854469]
BaseThreadInitThunk [0x76C46359+25]
RtlGetAppContainerNamedObjectPath [0x77497C24+228]
RtlGetAppContainerNamedObjectPath [0x77497BF4+180]

at sun.reflect.NativeConstructorAccessorImpl.newInstance0(Native Method)
at sun.reflect.NativeConstructorAccessorImpl.newInstance(NativeConstructorAccessorImpl.java:62)
at sun.reflect.DelegatingConstructorAccessorImpl.newInstance(DelegatingConstructorAccessorImpl.java:45)
at java.lang.reflect.Constructor.newInstance(Constructor.java:423)
at org.openqa.selenium.remote.W3CHandshakeResponse.lambda$errorHandler$0(W3CHandshakeResponse.java:62)
at org.openqa.selenium.remote.HandshakeResponse.lambda$getResponseFunction$0(HandshakeResponse.java:30)
at org.openqa.selenium.remote.ProtocolHandshake.lambda$createSession$0(ProtocolHandshake.java:126)
at java.util.stream.ReferencePipeline$3$1.accept(ReferencePipeline.java:193)
at java.util.Spliterators$ArraySpliterator.tryAdvance(Spliterators.java:958)
at java.util.stream.ReferencePipeline.forEachWithCancel(ReferencePipeline.java:126)
at java.util.stream.AbstractPipeline.copyIntoWithCancel(AbstractPipeline.java:498)
at java.util.stream.AbstractPipeline.copyInto(AbstractPipeline.java:485)
at java.util.stream.AbstractPipeline.wrapAndCopyInto(AbstractPipeline.java:471)
at java.util.stream.FindOps$FindOp.evaluateSequential(FindOps.java:152)
at java.util.stream.AbstractPipeline.evaluate(AbstractPipeline.java:234)
at java.util.stream.ReferencePipeline.findFirst(ReferencePipeline.java:464)
at org.openqa.selenium.remote.ProtocolHandshake.createSession(ProtocolHandshake.java:128)
at org.openqa.selenium.remote.ProtocolHandshake.createSession(ProtocolHandshake.java:74)
at org.openqa.selenium.remote.HttpCommandExecutor.execute(HttpCommandExecutor.java:136)
at org.openqa.selenium.remote.service.DriverCommandExecutor.execute(DriverCommandExecutor.java:83)
at org.openqa.selenium.remote.RemoteWebDriver.execute(RemoteWebDriver.java:552)
at org.openqa.selenium.remote.RemoteWebDriver.startSession(RemoteWebDriver.java:213)
at org.openqa.selenium.remote.RemoteWebDriver.<init>(RemoteWebDriver.java:131)
at org.openqa.selenium.chrome.ChromeDriver.<init>(ChromeDriver.java:181)
at org.openqa.selenium.chrome.ChromeDriver.<init>(ChromeDriver.java:168)
at org.openqa.selenium.chrome.ChromeDriver.<init>(ChromeDriver.java:157)
at steps.BikeWale.openUrl(BikeWale.java:32)
at âœ½.Go to https://www.bikewale.com/(file:src/main/java/feature/BikeWale.feature:4)
]]>
    </error>
  </testcase> <!-- runScenario -->
  <system-out/>
</testsuite> <!-- runner.TestBikeWale -->
